<?xml version="1.0" encoding="UTF-8"?>
<!-- Generated by org.testng.reporters.JUnitXMLReporter -->
<testsuite hostname="Theja" name="Test" tests="1" failures="1" timestamp="16 Dec 2017 07:11:27 GMT" time="37.648" errors="0">
  <testcase name="logInLogOut" time="26.262" classname="testcases.TC006_DeleteLead">
    <failure type="java.lang.RuntimeException" message="FAILED">
      <![CDATA[java.lang.RuntimeException: FAILED
	at utils.Reporter.reportStep(Reporter.java:34)
	at utils.Reporter.reportStep(Reporter.java:44)
	at wdMethods.SeMethods.type(SeMethods.java:104)
	at pages.FindLeadsPage.enterPhoneNumber(FindLeadsPage.java:53)
	at testcases.TC006_DeleteLead.logInLogOut(TC006_DeleteLead.java:32)
... Removed 24 stack frames]]>
    </failure>
  </testcase> <!-- logInLogOut -->
</testsuite> <!-- Test -->
